2025-12-22 14:09:57 [INFO] База клиентов загружена (клиентов: 1)
2025-12-22 14:09:57 [INFO] Сервер запущен (порт: 33333)
2025-12-22 14:12:00 [INFO] Сервер остановлен
2025-12-22 14:12:04 [INFO] База клиентов загружена (клиентов: 1)
2025-12-22 14:12:04 [INFO] Сервер запущен (порт: 33333)
2025-12-22 14:12:59 [INFO] Новое подключение (127.0.0.1)
2025-12-22 14:16:14 [ERROR] Ошибка получения логина
2025-12-22 14:16:52 [INFO] Новое подключение (127.0.0.1)
2025-12-22 14:20:03 [ERROR] Ошибка получения логина
2025-12-22 14:23:03 [ERROR] Ошибка принятия соединения (Resource temporarily unavailable)
2025-12-22 14:26:04 [ERROR] Ошибка принятия соединения (Resource temporarily unavailable)
2025-12-22 14:29:04 [ERROR] Ошибка принятия соединения (Resource temporarily unavailable)
2025-12-22 14:32:04 [ERROR] Ошибка принятия соединения (Resource temporarily unavailable)
2025-12-22 14:32:11 [INFO] Сервер остановлен
2025-12-22 14:32:40 [INFO] База клиентов загружена (клиентов: 1)
2025-12-22 14:32:40 [INFO] Сервер запущен (порт: 33333)
2025-12-22 14:32:49 [INFO] Новое подключение (127.0.0.1)
2025-12-22 14:32:49 [INFO] Получен логин (user)
2025-12-22 14:32:49 [INFO] Сгенерирована соль (73694BFDD8D15237)
2025-12-22 14:32:49 [INFO] Получен хеш пароля (73B5A491F74F2B46...)
2025-12-22 14:32:49 [INFO] Клиент аутентифицирован (user)
2025-12-22 14:32:49 [INFO] Получено количество векторов (67108864)
2025-12-22 14:32:49 [ERROR] Некорректное количество векторов (67108864)
2025-12-22 14:32:49 [INFO] Сеанс завершен (user)
2025-12-22 14:35:53 [ERROR] Ошибка принятия соединения (Resource temporarily unavailable)
2025-12-22 14:37:31 [INFO] Сервер остановлен
2025-12-22 14:37:50 [INFO] База клиентов загружена (клиентов: 1)
2025-12-22 14:37:50 [INFO] Сервер запущен (порт: 33333)
2025-12-22 14:37:55 [INFO] Новое подключение (127.0.0.1)
2025-12-22 14:37:55 [INFO] Получен логин (user)
2025-12-22 14:37:55 [INFO] Сгенерирована соль (06E231E95FA476EB)
2025-12-22 14:37:55 [INFO] Получен хеш пароля (F360DB88229F129A...)
2025-12-22 14:37:55 [INFO] Клиент аутентифицирован (user)
2025-12-22 14:37:55 [ERROR] Некорректное количество векторов (67108864)
2025-12-22 14:37:55 [INFO] Сеанс завершен (user)
2025-12-22 14:41:05 [ERROR] Ошибка принятия соединения (Resource temporarily unavailable)
2025-12-22 14:44:05 [ERROR] Ошибка принятия соединения (Resource temporarily unavailable)
2025-12-22 14:46:19 [INFO] Сервер остановлен
2025-12-22 14:50:11 [INFO] База клиентов загружена (клиентов: 1)
2025-12-22 14:50:11 [INFO] Сервер запущен (порт: 33333)
2025-12-22 14:50:16 [INFO] Новое подключение (127.0.0.1)
2025-12-22 14:50:16 [INFO] Получен логин (user)
2025-12-22 14:50:16 [INFO] Сгенерирована соль (211837F7450F8804)
2025-12-22 14:50:16 [INFO] Получен хеш пароля (A8F27F02F52799F8...)
2025-12-22 14:50:16 [INFO] Клиент аутентифицирован (user)
2025-12-22 14:50:16 [INFO] Получено количество векторов (4)
2025-12-22 14:50:16 [INFO] Размер вектора 1 (4)
2025-12-22 14:53:22 [ERROR] Ошибка приема данных (Resource temporarily unavailable)
2025-12-22 14:53:22 [ERROR] Ошибка получения размера вектора 2
2025-12-22 14:53:22 [INFO] Сеанс завершен (user)
2025-12-22 14:56:22 [ERROR] Ошибка принятия соединения (Resource temporarily unavailable)
2025-12-22 14:56:56 [INFO] Сервер остановлен
2025-12-22 15:02:12 [INFO] База клиентов загружена (клиентов: 1)
2025-12-22 15:02:12 [INFO] Сервер запущен (порт: 33333)
2025-12-22 15:02:17 [INFO] Новое подключение (127.0.0.1)
2025-12-22 15:02:17 [INFO] Получен логин (user)
2025-12-22 15:02:17 [INFO] Сгенерирована соль (9A602B46992C06B2)
2025-12-22 15:02:17 [INFO] Получен хеш пароля (04B4135CA3DE3459...)
2025-12-22 15:02:17 [INFO] Клиент аутентифицирован (user)
2025-12-22 15:02:22 [ERROR] Ошибка приема данных (Resource temporarily unavailable)
2025-12-22 15:02:22 [ERROR] Ошибка получения размера вектора 2
2025-12-22 15:02:22 [INFO] Сеанс завершен (user)
2025-12-22 15:05:23 [ERROR] Ошибка принятия соединения (Resource temporarily unavailable)
2025-12-22 15:08:23 [ERROR] Ошибка принятия соединения (Resource temporarily unavailable)
2025-12-22 15:11:23 [ERROR] Ошибка принятия соединения (Resource temporarily unavailable)
2025-12-22 15:14:24 [ERROR] Ошибка принятия соединения (Resource temporarily unavailable)
2025-12-22 15:17:22 [INFO] Сервер остановлен
2025-12-22 15:17:33 [INFO] База клиентов загружена (клиентов: 1)
2025-12-22 15:17:33 [INFO] Сервер запущен (порт: 33333)
2025-12-22 15:17:37 [INFO] Новое подключение (127.0.0.1)
2025-12-22 15:17:37 [INFO] Получен логин (user)
2025-12-22 15:17:37 [INFO] Сгенерирована соль (0E7164F9D59C3689)
2025-12-22 15:17:37 [INFO] Получен хеш пароля (0FDF931141305C4D...)
2025-12-22 15:17:37 [INFO] Клиент аутентифицирован (user)
2025-12-22 15:17:42 [ERROR] Ошибка приема данных (Resource temporarily unavailable)
2025-12-22 15:17:42 [ERROR] Ошибка получения размера вектора 2
2025-12-22 15:17:42 [INFO] Сеанс завершен (user)
2025-12-22 15:20:57 [ERROR] Ошибка принятия соединения (Resource temporarily unavailable)
2025-12-22 15:23:47 [INFO] Сервер остановлен
2025-12-22 15:26:41 [INFO] База клиентов загружена (клиентов: 1)
2025-12-22 15:26:41 [INFO] Сервер запущен (порт: 33333)
2025-12-22 15:26:45 [INFO] Новое подключение (127.0.0.1)
2025-12-22 15:26:45 [INFO] Получен логин (user)
2025-12-22 15:26:45 [INFO] Сгенерирована соль (E17B4203796097AE)
2025-12-22 15:26:45 [INFO] Получен хеш пароля (3ABADBDCA3D4FE98...)
2025-12-22 15:26:45 [INFO] Клиент аутентифицирован (user)
2025-12-22 15:26:45 [INFO] Получено количество векторов (67108864)
2025-12-22 15:26:45 [ERROR] Некорректное количество векторов (67108864)
2025-12-22 15:26:45 [INFO] Сеанс завершен (user)
2025-12-22 15:29:57 [ERROR] Ошибка принятия соединения (Resource temporarily unavailable)
2025-12-22 15:31:31 [INFO] Сервер остановлен
2025-12-22 15:31:40 [INFO] База клиентов загружена (клиентов: 1)
2025-12-22 15:31:40 [INFO] Сервер запущен (порт: 33333)
2025-12-22 15:31:42 [INFO] Новое подключение (127.0.0.1)
2025-12-22 15:31:42 [INFO] Получен логин (user)
2025-12-22 15:31:42 [INFO] Сгенерирована соль (D2CB97D85DED5088)
2025-12-22 15:31:42 [INFO] Получен хеш пароля (0A23F0B8438E1A48...)
2025-12-22 15:31:42 [INFO] Клиент аутентифицирован (user)
2025-12-22 15:31:42 [INFO] Получено количество векторов (4)
2025-12-22 15:31:42 [INFO] Размер вектора 1 (4)
2025-12-22 15:31:42 [INFO] Отправлен результат вектора 1 (10)
2025-12-22 15:31:42 [INFO] Размер вектора 2 (4)
2025-12-22 15:31:43 [INFO] Отправлен результат вектора 2 (42000)
2025-12-22 15:31:43 [INFO] Размер вектора 3 (4)
2025-12-22 15:31:43 [INFO] Отправлен результат вектора 3 (43000)
2025-12-22 15:31:43 [INFO] Размер вектора 4 (4)
2025-12-22 15:31:43 [INFO] Отправлен результат вектора 4 (22000)
2025-12-22 15:31:43 [INFO] Все векторы обработаны (количество: 4)
2025-12-22 15:31:43 [INFO] Сеанс завершен (user)
2025-12-22 15:34:52 [ERROR] Ошибка принятия соединения (Resource temporarily unavailable)
2025-12-22 15:35:47 [INFO] Сервер остановлен
2025-12-22 15:36:15 [INFO] База клиентов загружена (клиентов: 1)
2025-12-22 15:36:15 [INFO] Сервер запущен (порт: 33333)
2025-12-22 15:36:24 [INFO] Новое подключение (127.0.0.1)
2025-12-22 15:36:24 [INFO] Получен логин (user)
2025-12-22 15:36:24 [INFO] Сгенерирована соль (19AC80A7DBAEB879)
2025-12-22 15:36:24 [INFO] Получен хеш пароля (2BC92CB098131B06...)
2025-12-22 15:36:24 [INFO] Клиент аутентифицирован (user)
2025-12-22 15:36:24 [INFO] Получено количество векторов (4)
2025-12-22 15:36:24 [INFO] Размер вектора 1 (4)
2025-12-22 15:36:24 [INFO] Отправлен результат вектора 1 (10)
2025-12-22 15:36:24 [INFO] Размер вектора 2 (4)
2025-12-22 15:36:24 [INFO] Отправлен результат вектора 2 (42000)
2025-12-22 15:36:24 [INFO] Размер вектора 3 (4)
2025-12-22 15:36:24 [INFO] Отправлен результат вектора 3 (43000)
2025-12-22 15:36:24 [INFO] Размер вектора 4 (4)
2025-12-22 15:36:24 [INFO] Отправлен результат вектора 4 (22000)
2025-12-22 15:36:24 [INFO] Все векторы обработаны (количество: 4)
2025-12-22 15:36:24 [INFO] Сеанс завершен (user)
2025-12-22 15:39:31 [ERROR] Ошибка принятия соединения (Resource temporarily unavailable)
2025-12-22 15:42:31 [ERROR] Ошибка принятия соединения (Resource temporarily unavailable)
2025-12-22 15:42:42 [INFO] Сервер остановлен
